2023-11-03 08:35:41.093 [main] INFO  com.geeker.GeekerAdminMpSystemApplication:55 - Starting GeekerAdminMpSystemApplication using Java 1.8.0_282 on liweideMacBook-Pro.local with PID 14658 (/Users/liwei/Desktop/开源项目/GeekerAdmin-mp/GeekerAdmin-mp-system/target/classes started by liwei in /Users/liwei/Desktop/开源项目/GeekerAdmin-mp)
2023-11-03 08:35:41.094 [main] INFO  com.geeker.GeekerAdminMpSystemApplication:651 - The following 1 profile is active: "dev"
2023-11-03 08:35:41.125 [main] INFO  o.s.b.d.env.DevToolsPropertyDefaultsPostProcessor:255 - For additional web related logging consider setting the 'logging.level.web' property to 'DEBUG'
2023-11-03 08:35:41.605 [main] INFO  o.s.d.r.config.RepositoryConfigurationDelegate:262 - Multiple Spring Data modules found, entering strict repository configuration mode
2023-11-03 08:35:41.607 [main] INFO  o.s.d.r.config.RepositoryConfigurationDelegate:132 - Bootstrapping Spring Data Redis repositories in DEFAULT mode.
2023-11-03 08:35:41.629 [main] INFO  o.s.d.r.config.RepositoryConfigurationDelegate:201 - Finished Spring Data repository scanning in 10 ms. Found 0 Redis repository interfaces.
2023-11-03 08:35:41.832 [main] INFO  o.s.c.s.PostProcessorRegistrationDelegate$BeanPostProcessorChecker:376 - Bean 'spring.datasource.dynamic-com.baomidou.dynamic.datasource.spring.boot.autoconfigure.DynamicDataSourceProperties' of type [com.baomidou.dynamic.datasource.spring.boot.autoconfigure.DynamicDataSourceProperties] is not eligible for getting processed by all BeanPostProcessors (for example: not eligible for auto-proxying)
2023-11-03 08:35:41.834 [main] INFO  o.s.c.s.PostProcessorRegistrationDelegate$BeanPostProcessorChecker:376 - Bean 'com.baomidou.dynamic.datasource.spring.boot.autoconfigure.DynamicDataSourceAutoConfiguration' of type [com.baomidou.dynamic.datasource.spring.boot.autoconfigure.DynamicDataSourceAutoConfiguration$$EnhancerBySpringCGLIB$$fa5e9860] is not eligible for getting processed by all BeanPostProcessors (for example: not eligible for auto-proxying)
2023-11-03 08:35:41.842 [main] INFO  o.s.c.s.PostProcessorRegistrationDelegate$BeanPostProcessorChecker:376 - Bean 'dsProcessor' of type [com.baomidou.dynamic.datasource.processor.DsHeaderProcessor] is not eligible for getting processed by all BeanPostProcessors (for example: not eligible for auto-proxying)
2023-11-03 08:35:41.995 [main] INFO  o.s.boot.web.embedded.tomcat.TomcatWebServer:108 - Tomcat initialized with port(s): 8123 (http)
2023-11-03 08:35:42.000 [main] INFO  org.apache.coyote.http11.Http11NioProtocol:173 - Initializing ProtocolHandler ["http-nio-8123"]
2023-11-03 08:35:42.000 [main] INFO  org.apache.catalina.core.StandardService:173 - Starting service [Tomcat]
2023-11-03 08:35:42.001 [main] INFO  org.apache.catalina.core.StandardEngine:173 - Starting Servlet engine: [Apache Tomcat/9.0.68]
2023-11-03 08:35:42.063 [main] INFO  o.a.c.c.ContainerBase.[Tomcat].[localhost].[/api]:173 - Initializing Spring embedded WebApplicationContext
2023-11-03 08:35:42.063 [main] INFO  o.s.b.w.s.c.ServletWebServerApplicationContext:290 - Root WebApplicationContext: initialization completed in 937 ms
2023-11-03 08:35:42.265 [main] INFO  com.alibaba.druid.pool.DruidDataSource:985 - {dataSource-1,master} inited
2023-11-03 08:35:42.266 [main] INFO  c.b.dynamic.datasource.DynamicRoutingDataSource:148 - dynamic-datasource - add a datasource named [master] success
2023-11-03 08:35:42.267 [main] INFO  c.b.dynamic.datasource.DynamicRoutingDataSource:228 - dynamic-datasource initial loaded [1] datasource,primary datasource named [master]
2023-11-03 08:35:42.882 [main] INFO  o.s.security.web.DefaultSecurityFilterChain:55 - Will secure any request with [org.springframework.security.web.context.request.async.WebAsyncManagerIntegrationFilter@1943c1f2, org.springframework.security.web.context.SecurityContextPersistenceFilter@795f8317, org.springframework.security.web.header.HeaderWriterFilter@2e3572e8, org.springframework.web.filter.CorsFilter@d70f722, org.springframework.security.web.authentication.logout.LogoutFilter@2152ab30, org.springframework.security.web.authentication.UsernamePasswordAuthenticationFilter@36b9cb99, com.geeker.security.filter.JwtAuthenticationFilter@17dd671f, org.springframework.security.web.savedrequest.RequestCacheAwareFilter@355c94be, org.springframework.security.web.servletapi.SecurityContextHolderAwareRequestFilter@526a9908, org.springframework.security.web.authentication.AnonymousAuthenticationFilter@1e1eeedd, org.springframework.security.web.session.SessionManagementFilter@176555c, org.springframework.security.web.access.ExceptionTranslationFilter@210d2a6c, org.springframework.security.web.access.intercept.FilterSecurityInterceptor@58fbd02e]
2023-11-03 08:35:43.275 [main] INFO  org.apache.coyote.http11.Http11NioProtocol:173 - Starting ProtocolHandler ["http-nio-8123"]
2023-11-03 08:35:43.290 [main] INFO  o.s.boot.web.embedded.tomcat.TomcatWebServer:220 - Tomcat started on port(s): 8123 (http) with context path '/api'
2023-11-03 08:35:43.297 [main] INFO  com.geeker.GeekerAdminMpSystemApplication:61 - Started GeekerAdminMpSystemApplication in 2.504 seconds (JVM running for 2.962)
2023-11-03 08:35:47.794 [http-nio-8123-exec-1] INFO  o.a.c.c.ContainerBase.[Tomcat].[localhost].[/api]:173 - Initializing Spring DispatcherServlet 'dispatcherServlet'
2023-11-03 08:35:47.794 [http-nio-8123-exec-1] INFO  org.springframework.web.servlet.DispatcherServlet:525 - Initializing Servlet 'dispatcherServlet'
2023-11-03 08:35:47.798 [http-nio-8123-exec-1] INFO  org.springframework.web.servlet.DispatcherServlet:547 - Completed initialization in 3 ms
2023-11-03 08:35:47.814 [http-nio-8123-exec-1] INFO  com.geeker.security.filter.JwtAuthenticationFilter:70 - 请求url: /api/sys/menu/menuList
2023-11-03 08:35:48.039 [http-nio-8123-exec-1] ERROR o.a.c.c.C.[.[localhost].[/api].[dispatcherServlet]:175 - Servlet.service() for servlet [dispatcherServlet] in context with path [/api] threw exception
io.jsonwebtoken.JwtException: Token已过期
	at com.geeker.security.filter.JwtAuthenticationFilter.doFilterInternal(JwtAuthenticationFilter.java:83)
	at org.springframework.web.filter.OncePerRequestFilter.doFilter(OncePerRequestFilter.java:117)
	at org.springframework.security.web.FilterChainProxy$VirtualFilterChain.doFilter(FilterChainProxy.java:346)
	at org.springframework.security.web.authentication.AbstractAuthenticationProcessingFilter.doFilter(AbstractAuthenticationProcessingFilter.java:219)
	at org.springframework.security.web.authentication.AbstractAuthenticationProcessingFilter.doFilter(AbstractAuthenticationProcessingFilter.java:213)
	at org.springframework.security.web.FilterChainProxy$VirtualFilterChain.doFilter(FilterChainProxy.java:346)
	at org.springframework.security.web.authentication.logout.LogoutFilter.doFilter(LogoutFilter.java:103)
	at org.springframework.security.web.authentication.logout.LogoutFilter.doFilter(LogoutFilter.java:89)
	at org.springframework.security.web.FilterChainProxy$VirtualFilterChain.doFilter(FilterChainProxy.java:346)
	at org.springframework.web.filter.CorsFilter.doFilterInternal(CorsFilter.java:91)
	at org.springframework.web.filter.OncePerRequestFilter.doFilter(OncePerRequestFilter.java:117)
	at org.springframework.security.web.FilterChainProxy$VirtualFilterChain.doFilter(FilterChainProxy.java:346)
	at org.springframework.security.web.header.HeaderWriterFilter.doHeadersAfter(HeaderWriterFilter.java:90)
	at org.springframework.security.web.header.HeaderWriterFilter.doFilterInternal(HeaderWriterFilter.java:75)
	at org.springframework.web.filter.OncePerRequestFilter.doFilter(OncePerRequestFilter.java:117)
	at org.springframework.security.web.FilterChainProxy$VirtualFilterChain.doFilter(FilterChainProxy.java:346)
	at org.springframework.security.web.context.SecurityContextPersistenceFilter.doFilter(SecurityContextPersistenceFilter.java:110)
	at org.springframework.security.web.context.SecurityContextPersistenceFilter.doFilter(SecurityContextPersistenceFilter.java:80)
	at org.springframework.security.web.FilterChainProxy$VirtualFilterChain.doFilter(FilterChainProxy.java:346)
	at org.springframework.security.web.context.request.async.WebAsyncManagerIntegrationFilter.doFilterInternal(WebAsyncManagerIntegrationFilter.java:55)
	at org.springframework.web.filter.OncePerRequestFilter.doFilter(OncePerRequestFilter.java:117)
	at org.springframework.security.web.FilterChainProxy$VirtualFilterChain.doFilter(FilterChainProxy.java:346)
	at org.springframework.security.web.FilterChainProxy.doFilterInternal(FilterChainProxy.java:221)
	at org.springframework.security.web.FilterChainProxy.doFilter(FilterChainProxy.java:186)
	at org.springframework.web.filter.DelegatingFilterProxy.invokeDelegate(DelegatingFilterProxy.java:354)
	at org.springframework.web.filter.DelegatingFilterProxy.doFilter(DelegatingFilterProxy.java:267)
	at org.apache.catalina.core.ApplicationFilterChain.internalDoFilter(ApplicationFilterChain.java:189)
	at org.apache.catalina.core.ApplicationFilterChain.doFilter(ApplicationFilterChain.java:162)
	at org.springframework.web.filter.RequestContextFilter.doFilterInternal(RequestContextFilter.java:100)
	at org.springframework.web.filter.OncePerRequestFilter.doFilter(OncePerRequestFilter.java:117)
	at org.apache.catalina.core.ApplicationFilterChain.internalDoFilter(ApplicationFilterChain.java:189)
	at org.apache.catalina.core.ApplicationFilterChain.doFilter(ApplicationFilterChain.java:162)
	at org.springframework.web.filter.FormContentFilter.doFilterInternal(FormContentFilter.java:93)
	at org.springframework.web.filter.OncePerRequestFilter.doFilter(OncePerRequestFilter.java:117)
	at org.apache.catalina.core.ApplicationFilterChain.internalDoFilter(ApplicationFilterChain.java:189)
	at org.apache.catalina.core.ApplicationFilterChain.doFilter(ApplicationFilterChain.java:162)
	at org.springframework.web.filter.CharacterEncodingFilter.doFilterInternal(CharacterEncodingFilter.java:201)
	at org.springframework.web.filter.OncePerRequestFilter.doFilter(OncePerRequestFilter.java:117)
	at org.apache.catalina.core.ApplicationFilterChain.internalDoFilter(ApplicationFilterChain.java:189)
	at org.apache.catalina.core.ApplicationFilterChain.doFilter(ApplicationFilterChain.java:162)
	at org.apache.catalina.core.StandardWrapperValve.invoke(StandardWrapperValve.java:197)
	at org.apache.catalina.core.StandardContextValve.invoke(StandardContextValve.java:97)
	at org.apache.catalina.authenticator.AuthenticatorBase.invoke(AuthenticatorBase.java:541)
	at org.apache.catalina.core.StandardHostValve.invoke(StandardHostValve.java:135)
	at org.apache.catalina.valves.ErrorReportValve.invoke(ErrorReportValve.java:92)
	at org.apache.catalina.core.StandardEngineValve.invoke(StandardEngineValve.java:78)
	at org.apache.catalina.connector.CoyoteAdapter.service(CoyoteAdapter.java:360)
	at org.apache.coyote.http11.Http11Processor.service(Http11Processor.java:399)
	at org.apache.coyote.AbstractProcessorLight.process(AbstractProcessorLight.java:65)
	at org.apache.coyote.AbstractProtocol$ConnectionHandler.process(AbstractProtocol.java:893)
	at org.apache.tomcat.util.net.NioEndpoint$SocketProcessor.doRun(NioEndpoint.java:1789)
	at org.apache.tomcat.util.net.SocketProcessorBase.run(SocketProcessorBase.java:49)
	at org.apache.tomcat.util.threads.ThreadPoolExecutor.runWorker(ThreadPoolExecutor.java:1191)
	at org.apache.tomcat.util.threads.ThreadPoolExecutor$Worker.run(ThreadPoolExecutor.java:659)
	at org.apache.tomcat.util.threads.TaskThread$WrappingRunnable.run(TaskThread.java:61)
	at java.lang.Thread.run(Thread.java:748)
2023-11-03 08:36:43.390 [http-nio-8123-exec-2] INFO  com.geeker.security.filter.JwtAuthenticationFilter:70 - 请求url: /api/auth/login
2023-11-03 08:36:43.712 [http-nio-8123-exec-2] INFO  c.g.security.controller.AuthenticationController:36 - 密码匹配结果为: 通过
2023-11-03 08:36:43.723 [http-nio-8123-exec-2] INFO  c.g.security.controller.AuthenticationController:52 - authentication: [ROLE_admin, system:menu:add, system:menu:delete, system:menu:edit, system:menu:query, system:role:add, system:role:delete, system:role:edit, system:role:menu, system:role:query, system:user:add, system:user:delete, system:user:edit, system:user:query, system:user:resetPwd, system:user:role]
2023-11-03 08:36:43.723 [http-nio-8123-exec-2] INFO  c.g.security.controller.AuthenticationController:53 - authentication: null
2023-11-03 08:36:43.746 [http-nio-8123-exec-3] INFO  com.geeker.security.filter.JwtAuthenticationFilter:70 - 请求url: /api/sys/menu/menuList
